<?xml version="1.0" encoding="UTF-8"?>
<!-- Generated by org.testng.reporters.JUnitReportReporter -->
<testsuite hostname="DESKTOP-7HNCNR4" failures="0" tests="1" name="com.Practice.project.automation_practice" time="0.745" errors="0" timestamp="24 Sep 2021 01:59:08 GMT" skipped="0">
  <testcase classname="com.Practice.project.automation_practice" name="table" time="0.745"/>
</testsuite> <!-- com.Practice.project.automation_practice -->
